#
# There is insufficient memory for the Java Runtime Environment to continue.
# Native memory allocation (malloc) failed to allocate 140624 bytes. Error detail: Chunk::new
# Possible reasons:
#   The system is out of physical RAM or swap space
#   This process is running with CompressedOops enabled, and the Java Heap may be blocking the growth of the native heap
# Possible solutions:
#   Reduce memory load on the system
#   Increase physical memory or swap space
#   Check if swap backing store is full
#   Decrease Java heap size (-Xmx/-Xms)
#   Decrease number of Java threads
#   Decrease Java thread stack sizes (-Xss)
#   Set larger code cache with -XX:ReservedCodeCacheSize=
#   JVM is running with Zero Based Compressed Oops mode in which the Java heap is
#     placed in the first 32GB address space. The Java Heap base address is the
#     maximum limit for the native heap growth. Please use -XX:HeapBaseMinAddress
#     to set the Java Heap base and to place the Java Heap above 32GB virtual address.
# This output file may be truncated or incomplete.
#
#  Out of Memory Error (arena.cpp:162), pid=36324, tid=23424
#
# JRE version: Java(TM) SE Runtime Environment (24.0.1+9) (build 24.0.1+9-30)
# Java VM: Java HotSpot(TM) 64-Bit Server VM (24.0.1+9-30, mixed mode, sharing, tiered, compressed oops, compressed class ptrs, g1 gc, windows-amd64)
# No core dump will be written. Minidumps are not enabled by default on client versions of Windows
#

---------------  S U M M A R Y ------------

Command Line: --enable-native-access=ALL-UNNAMED -Dclassworlds.conf=C:\Users\rauda\.m2\wrapper\dists\apache-maven-3.9.16\0daed3be3ebd1c706f0e69e8b07c6b73f5cc4ea3dfce72a8d0ec2e849ca2ddb0\bin\m2.conf -Dmaven.home=C:\Users\rauda\.m2\wrapper\dists\apache-maven-3.9.16\0daed3be3ebd1c706f0e69e8b07c6b73f5cc4ea3dfce72a8d0ec2e849ca2ddb0 -Dlibrary.jansi.path=C:\Users\rauda\.m2\wrapper\dists\apache-maven-3.9.16\0daed3be3ebd1c706f0e69e8b07c6b73f5cc4ea3dfce72a8d0ec2e849ca2ddb0\lib\jansi-native -Dmaven.multiModuleProjectDirectory=C:\Users\rauda\Documents\RHU-Lab1\Proyecto-Fase2\Proyecto\api-platform org.codehaus.plexus.classworlds.launcher.Launcher -DskipTests=true -Dmaven.ext.class.path=C:\Users\rauda\.vscode\extensions\oracle.oracle-java-26.0.0\nbcode\java\maven-nblib\netbeans-eventspy.jar --no-transfer-progress --fail-at-end install

Host: AMD Ryzen 5 4600G with Radeon Graphics, 12 cores, 15G,  Windows 11 , 64 bit Build 26100 (10.0.26100.8521)
Time: Sat Jun 20 22:59:13 2026 Hora est嫕dar, Am廨ica Central elapsed time: 17.991169 seconds (0d 0h 0m 17s)

---------------  T H R E A D  ---------------

Current thread (0x000002156d346140):  JavaThread "C2 CompilerThread0" daemon [_thread_in_native, id=23424, stack(0x000000652d600000,0x000000652d700000) (1024K)]


Current CompileTask:
C2:17991 5546       4       java.util.LinkedHashMap::entrySet (5 bytes)

Stack: [0x000000652d600000,0x000000652d700000]
Native frames: (J=compiled Java code, j=interpreted, Vv=VM code, C=native code)
V  [jvm.dll+0x730739]  (no source info available)
V  [jvm.dll+0x8d9b23]  (no source info available)
V  [jvm.dll+0x8dc00d]  (no source info available)
V  [jvm.dll+0x8dc683]  (no source info available)
V  [jvm.dll+0x2aa086]  (no source info available)
V  [jvm.dll+0xcedef]  (no source info available)
V  [jvm.dll+0xcf04f]  (no source info available)
V  [jvm.dll+0x154d83]  (no source info available)
V  [jvm.dll+0x735f5f]  (no source info available)
V  [jvm.dll+0x26fa1c]  (no source info available)
V  [jvm.dll+0x26ea3f]  (no source info available)
V  [jvm.dll+0x1e9d60]  (no source info available)
V  [jvm.dll+0x27e1fb]  (no source info available)
V  [jvm.dll+0x27c49a]  (no source info available)
V  [jvm.dll+0x42f456]  (no source info available)
V  [jvm.dll+0x87d76b]  (no source info available)
V  [jvm.dll+0x72ee55]  (no source info available)
C  [ucrtbase.dll+0x2cd30]  (no source info available)
C  [KERNEL32.DLL+0x2e957]  (no source info available)
C  [ntdll.dll+0x87c1c]  (no source info available)

Lock stack of current Java thread (top to bottom):


---------------  P R O C E S S  ---------------

Threads class SMR info:
_java_thread_list=0x0000021547486170, length=11, elements={
0x000002154b697f00, 0x000002156d331930, 0x000002156d332070, 0x000002156d332e00,
0x000002156d337e70, 0x000002156d3409b0, 0x000002156d3423d0, 0x000002156d346140,
0x0000021545030ef0, 0x000002156d344860, 0x000002156d3439c0
}

Java Threads: ( => current thread )
  0x000002154b697f00 JavaThread "main"                              [_thread_in_native, id=29728, stack(0x000000652c800000,0x000000652c900000) (1024K)]
  0x000002156d331930 JavaThread "Reference Handler"          daemon [_thread_blocked, id=35584, stack(0x000000652d000000,0x000000652d100000) (1024K)]
  0x000002156d332070 JavaThread "Finalizer"                  daemon [_thread_blocked, id=30072, stack(0x000000652d100000,0x000000652d200000) (1024K)]
  0x000002156d332e00 JavaThread "Signal Dispatcher"          daemon [_thread_blocked, id=31224, stack(0x000000652d200000,0x000000652d300000) (1024K)]
  0x000002156d337e70 JavaThread "Attach Listener"            daemon [_thread_blocked, id=14256, stack(0x000000652d300000,0x000000652d400000) (1024K)]
  0x000002156d3409b0 JavaThread "Service Thread"             daemon [_thread_blocked, id=36104, stack(0x000000652d400000,0x000000652d500000) (1024K)]
  0x000002156d3423d0 JavaThread "Monitor Deflation Thread"   daemon [_thread_blocked, id=16932, stack(0x000000652d500000,0x000000652d600000) (1024K)]
=>0x000002156d346140 JavaThread "C2 CompilerThread0"         daemon [_thread_in_native, id=23424, stack(0x000000652d600000,0x000000652d700000) (1024K)]
  0x0000021545030ef0 JavaThread "C1 CompilerThread0"         daemon [_thread_blocked, id=35948, stack(0x000000652d700000,0x000000652d800000) (1024K)]
  0x000002156d344860 JavaThread "Notification Thread"        daemon [_thread_blocked, id=35844, stack(0x000000652d800000,0x000000652d900000) (1024K)]
  0x000002156d3439c0 JavaThread "Common-Cleaner"             daemon [_thread_blocked, id=21288, stack(0x000000652d900000,0x000000652da00000) (1024K)]
Total: 11

Other Threads:
  0x000002156d31f360 VMThread "VM Thread"                           [id=36048, stack(0x000000652cf00000,0x000000652d000000) (1024K)]
  0x000002156d1ee2c0 WatcherThread "VM Periodic Task Thread"        [id=36012, stack(0x000000652ce00000,0x000000652cf00000) (1024K)]
  0x000002154db388f0 WorkerThread "GC Thread#0"                     [id=20076, stack(0x000000652c900000,0x000000652ca00000) (1024K)]
  0x0000021545f03f50 WorkerThread "GC Thread#1"                     [id=8688, stack(0x000000652dc00000,0x000000652dd00000) (1024K)]
  0x00000215462a1110 WorkerThread "GC Thread#2"                     [id=31988, stack(0x000000652dd00000,0x000000652de00000) (1024K)]
  0x00000215462a14c0 WorkerThread "GC Thread#3"                     [id=36388, stack(0x000000652de00000,0x000000652df00000) (1024K)]
  0x00000215462a1870 WorkerThread "GC Thread#4"                     [id=34256, stack(0x000000652df00000,0x000000652e000000) (1024K)]
  0x00000215462a1c20 WorkerThread "GC Thread#5"                     [id=33828, stack(0x000000652e000000,0x000000652e100000) (1024K)]
  0x00000215467fdf20 WorkerThread "GC Thread#6"                     [id=36364, stack(0x000000652e200000,0x000000652e300000) (1024K)]
  0x00000215467fd410 WorkerThread "GC Thread#7"                     [id=34792, stack(0x000000652e300000,0x000000652e400000) (1024K)]
  0x00000215467fe2d0 WorkerThread "GC Thread#8"                     [id=18764, stack(0x000000652e400000,0x000000652e500000) (1024K)]
  0x00000215467fe680 WorkerThread "GC Thread#9"                     [id=23208, stack(0x000000652e500000,0x000000652e600000) (1024K)]
  0x000002154db4d530 ConcurrentGCThread "G1 Main Marker"            [id=24720, stack(0x000000652ca00000,0x000000652cb00000) (1024K)]
  0x000002154db4fde0 WorkerThread "G1 Conc#0"                       [id=25300, stack(0x000000652cb00000,0x000000652cc00000) (1024K)]
  0x000002154512e480 WorkerThread "G1 Conc#1"                       [id=13704, stack(0x000000652e600000,0x000000652e700000) (1024K)]
  0x000002154512e0d0 WorkerThread "G1 Conc#2"                       [id=29104, stack(0x000000652e700000,0x000000652e800000) (1024K)]
  0x000002156d1d4a80 ConcurrentGCThread "G1 Refine#0"               [id=27588, stack(0x000000652cc00000,0x000000652cd00000) (1024K)]
  0x000002156d1d52b0 ConcurrentGCThread "G1 Service"                [id=25012, stack(0x000000652cd00000,0x000000652ce00000) (1024K)]
Total: 18

Threads with active compile tasks:
C2 CompilerThread0  18025 5546       4       java.util.LinkedHashMap::entrySet (5 bytes)
Total: 1

VM state: not at safepoint (normal execution)

VM Mutex/Monitor currently owned by a thread: None

Heap address: 0x0000000703400000, size: 4044 MB, Compressed Oops mode: Zero based, Oop shift amount: 3

CDS archive(s) mapped at: [0x0000021500000000-0x0000021500d40000-0x0000021500d40000), size 13893632, SharedBaseAddress: 0x0000021500000000, ArchiveRelocationMode: 1.
Compressed class space mapped at: 0x0000021501000000-0x0000021541000000, reserved size: 1073741824
UseCompressedClassPointers 1, UseCompactObjectHeaders 0
Narrow klass pointer bits 32, Max shift 3
Narrow klass base: 0x0000021500000000, Narrow klass shift: 0
Encoding Range: [0x0000021500000000 - 0x0000021600000000), (4294967296 bytes)
Klass Range:    [0x0000021500000000 - 0x0000021541000000), (1090519040 bytes)
Klass ID Range:  [8 - 1090519033) (1090519025)

GC Precious Log:
 CardTable entry size: 512
 Card Set container configuration: InlinePtr #cards 4 size 8 Array Of Cards #cards 16 size 48 Howl #buckets 8 coarsen threshold 3686 Howl Bitmap #cards 512 size 80 coarsen threshold 460 Card regions per heap region 1 cards per card region 4096
 CPUs: 12 total, 12 available
 Memory: 16172M
 Large Page Support: Disabled
 NUMA Support: Disabled
 Compressed Oops: Enabled (Zero based)
 Heap Region Size: 2M
 Heap Min Capacity: 8M
 Heap Initial Capacity: 254M
 Heap Max Capacity: 4044M
 Pre-touch: Disabled
 Parallel Workers: 10
 Concurrent Workers: 3
 Concurrent Refinement Workers: 10
 Periodic GC: Disabled

Heap:
 garbage-first heap   total reserved 4141056K, committed 63488K, used 30878K [0x0000000703400000, 0x0000000800000000)
  region size 2048K, 11 young (22528K), 3 survivors (6144K)
 Metaspace       used 23853K, committed 24128K, reserved 1114112K
  class space    used 2331K, committed 2432K, reserved 1048576K

Heap Regions: E=young(eden), S=young(survivor), O=old, HS=humongous(starts), HC=humongous(continues), CS=collection set, F=free, TAMS=top-at-mark-start, PB=parsable bottom
|   0|0x0000000703400000, 0x0000000703600000, 0x0000000703600000|100%| O|  |TAMS 0x0000000703400000| PB 0x0000000703400000| Untracked |  0
|   1|0x0000000703600000, 0x0000000703800000, 0x0000000703800000|100%| O|  |TAMS 0x0000000703600000| PB 0x0000000703600000| Untracked |  0
|   2|0x0000000703800000, 0x0000000703a00000, 0x0000000703a00000|100%| O|  |TAMS 0x0000000703800000| PB 0x0000000703800000| Untracked |  0
|   3|0x0000000703a00000, 0x0000000703b0e590, 0x0000000703c00000| 52%| O|  |TAMS 0x0000000703a00000| PB 0x0000000703a00000| Untracked |  0
|   4|0x0000000703c00000, 0x0000000703c00000, 0x0000000703e00000|  0%| F|  |TAMS 0x0000000703c00000| PB 0x0000000703c00000| Untracked |  0
|   5|0x0000000703e00000, 0x0000000703e00000, 0x0000000704000000|  0%| F|  |TAMS 0x0000000703e00000| PB 0x0000000703e00000| Untracked |  0
|   6|0x0000000704000000, 0x0000000704000000, 0x0000000704200000|  0%| F|  |TAMS 0x0000000704000000| PB 0x0000000704000000| Untracked |  0
|   7|0x0000000704200000, 0x0000000704319360, 0x0000000704400000| 54%| S|CS|TAMS 0x0000000704200000| PB 0x0000000704200000| Complete |  0
|   8|0x0000000704400000, 0x0000000704600000, 0x0000000704600000|100%| S|CS|TAMS 0x0000000704400000| PB 0x0000000704400000| Complete |  0
|   9|0x0000000704600000, 0x0000000704800000, 0x0000000704800000|100%| S|CS|TAMS 0x0000000704600000| PB 0x0000000704600000| Complete |  0
|  10|0x0000000704800000, 0x0000000704800000, 0x0000000704a00000|  0%| F|  |TAMS 0x0000000704800000| PB 0x0000000704800000| Untracked |  0
|  11|0x0000000704a00000, 0x0000000704a00000, 0x0000000704c00000|  0%| F|  |TAMS 0x0000000704a00000| PB 0x0000000704a00000| Untracked |  0
|  12|0x0000000704c00000, 0x0000000704c00000, 0x0000000704e00000|  0%| F|  |TAMS 0x0000000704c00000| PB 0x0000000704c00000| Untracked |  0
|  13|0x0000000704e00000, 0x0000000704e00000, 0x0000000705000000|  0%| F|  |TAMS 0x0000000704e00000| PB 0x0000000704e00000| Untracked |  0
|  14|0x0000000705000000, 0x0000000705000000, 0x0000000705200000|  0%| F|  |TAMS 0x0000000705000000| PB 0x0000000705000000| Untracked |  0
|  15|0x0000000705200000, 0x0000000705200000, 0x0000000705400000|  0%| F|  |TAMS 0x0000000705200000| PB 0x0000000705200000| Untracked |  0
|  16|0x0000000705400000, 0x0000000705400000, 0x0000000705600000|  0%| F|  |TAMS 0x0000000705400000| PB 0x0000000705400000| Untracked |  0
|  17|0x0000000705600000, 0x0000000705600000, 0x0000000705800000|  0%| F|  |TAMS 0x0000000705600000| PB 0x0000000705600000| Untracked |  0
|  18|0x0000000705800000, 0x0000000705800000, 0x0000000705a00000|  0%| F|  |TAMS 0x0000000705800000| PB 0x0000000705800000| Untracked |  0
|  19|0x0000000705a00000, 0x0000000705a00000, 0x0000000705c00000|  0%| F|  |TAMS 0x0000000705a00000| PB 0x0000000705a00000| Untracked |  0
|  20|0x0000000705c00000, 0x0000000705c00000, 0x0000000705e00000|  0%| F|  |TAMS 0x0000000705c00000| PB 0x0000000705c00000| Untracked |  0
|  93|0x000000070ee00000, 0x000000070ef2c300, 0x000000070f000000| 58%| E|  |TAMS 0x000000070ee00000| PB 0x000000070ee00000| Complete |  0
|  94|0x000000070f000000, 0x000000070f200000, 0x000000070f200000|100%| E|CS|TAMS 0x000000070f000000| PB 0x000000070f000000| Complete |  0
|  95|0x000000070f200000, 0x000000070f400000, 0x000000070f400000|100%| E|CS|TAMS 0x000000070f200000| PB 0x000000070f200000| Complete |  0
|  96|0x000000070f400000, 0x000000070f600000, 0x000000070f600000|100%| E|CS|TAMS 0x000000070f400000| PB 0x000000070f400000| Complete |  0
|  97|0x000000070f600000, 0x000000070f800000, 0x000000070f800000|100%| E|CS|TAMS 0x000000070f600000| PB 0x000000070f600000| Complete |  0
|  98|0x000000070f800000, 0x000000070fa00000, 0x000000070fa00000|100%| E|CS|TAMS 0x000000070f800000| PB 0x000000070f800000| Complete |  0
| 126|0x0000000713000000, 0x0000000713200000, 0x0000000713200000|100%| E|CS|TAMS 0x0000000713000000| PB 0x0000000713000000| Complete |  0
|2019|0x00000007ffa00000, 0x00000007ffc00000, 0x00000007ffc00000|100%| O|  |TAMS 0x00000007ffa00000| PB 0x00000007ffa00000| Untracked |  0
|2020|0x00000007ffc00000, 0x00000007ffe00000, 0x00000007ffe00000|100%| O|  |TAMS 0x00000007ffc00000| PB 0x00000007ffc00000| Untracked |  0
|2021|0x00000007ffe00000, 0x0000000800000000, 0x0000000800000000|100%| E|CS|TAMS 0x00000007ffe00000| PB 0x00000007ffe00000| Complete |  0

Card table byte_map: [0x0000021565fa0000,0x0000021566790000] _byte_map_base: 0x0000021562786000

Marking Bits: (CMBitMap*) 0x000002154db39000
 Bits: [0x0000021566790000, 0x000002156a6c0000)

Polling page: 0x000002154b620000

Metaspace:

Usage:
  Non-class:     21.02 MB used.
      Class:      2.28 MB used.
       Both:     23.29 MB used.

Virtual space:
  Non-class space:       64.00 MB reserved,      21.19 MB ( 33%) committed,  1 nodes.
      Class space:        1.00 GB reserved,       2.38 MB ( <1%) committed,  1 nodes.
             Both:        1.06 GB reserved,      23.56 MB (  2%) committed. 

Chunk freelists:
   Non-Class:  10.16 MB
       Class:  13.58 MB
        Both:  23.73 MB

MaxMetaspaceSize: unlimited
CompressedClassSpaceSize: 1.00 GB
Initial GC threshold: 21.00 MB
Current GC threshold: 35.12 MB
CDS: on
 - commit_granule_bytes: 65536.
 - commit_granule_words: 8192.
 - virtual_space_node_default_size: 8388608.
 - enlarge_chunks_in_place: 1.
UseCompressedClassPointers 1, UseCompactObjectHeaders 0
Narrow klass pointer bits 32, Max shift 3
Narrow klass base: 0x0000021500000000, Narrow klass shift: 0
Encoding Range: [0x0000021500000000 - 0x0000021600000000), (4294967296 bytes)
Klass Range:    [0x0000021500000000 - 0x0000021541000000), (1090519040 bytes)
Klass ID Range:  [8 - 1090519033) (1090519025)


Internal statistics:

num_allocs_failed_limit: 3.
num_arena_births: 166.
num_arena_deaths: 0.
num_vsnodes_births: 2.
num_vsnodes_deaths: 0.
num_space_committed: 377.
num_space_uncommitted: 0.
num_chunks_returned_to_freelist: 3.
num_chunks_taken_from_freelist: 827.
num_chunk_merges: 0.
num_chunk_splits: 538.
num_chunks_enlarged: 425.
num_inconsistent_stats: 0.

CodeHeap 'non-profiled nmethods': size=120064Kb used=2183Kb max_used=2183Kb free=117880Kb
 bounds [0x000002155de30000, 0x000002155e0a0000, 0x0000021565370000]
CodeHeap 'profiled nmethods': size=120000Kb used=9811Kb max_used=9811Kb free=110189Kb
 bounds [0x0000021556370000, 0x0000021556d10000, 0x000002155d8a0000]
CodeHeap 'non-nmethods': size=5696Kb used=1414Kb max_used=1506Kb free=4281Kb
 bounds [0x000002155d8a0000, 0x000002155db10000, 0x000002155de30000]
CodeCache: size=245760Kb, used=13408Kb, max_used=13500Kb, free=232350Kb
 total_blobs=6125, nmethods=5555, adapters=474, full_count=0
Compilation: enabled, stopped_count=0, restarted_count=0

Compilation events (20 events):
Event: 17.966 Thread 0x0000021545030ef0 5539       3       java.text.DateFormatSymbols::initializeData (342 bytes)
Event: 17.968 Thread 0x0000021545030ef0 nmethod 5539 0x0000021556cf6808 code [0x0000021556cf6ce0, 0x0000021556cfa928]
Event: 17.984 Thread 0x0000021545030ef0 5540       3       org.eclipse.aether.RepositoryEvent$Builder::setArtifact (7 bytes)
Event: 17.984 Thread 0x0000021545030ef0 nmethod 5540 0x0000021556cfaa88 code [0x0000021556cfaba0, 0x0000021556cfad00]
Event: 17.984 Thread 0x0000021545030ef0 5541       3       org.eclipse.aether.RepositoryEvent$Builder::build (9 bytes)
Event: 17.984 Thread 0x0000021545030ef0 nmethod 5541 0x0000021556cfad88 code [0x0000021556cfaea0, 0x0000021556cfb050]
Event: 17.984 Thread 0x0000021545030ef0 5542       3       org.eclipse.aether.RepositoryEvent::<init> (69 bytes)
Event: 17.985 Thread 0x0000021545030ef0 nmethod 5542 0x0000021556cfb088 code [0x0000021556cfb1c0, 0x0000021556cfb688]
Event: 17.985 Thread 0x0000021545030ef0 5543       3       org.eclipse.aether.internal.impl.DefaultRepositoryEventDispatcher::dispatch (78 bytes)
Event: 17.985 Thread 0x0000021545030ef0 nmethod 5543 0x0000021556cfb708 code [0x0000021556cfb8c0, 0x0000021556cfc1d0]
Event: 17.985 Thread 0x0000021545030ef0 5544       3       org.eclipse.sisu.wire.EntrySetAdapter::isEmpty (19 bytes)
Event: 17.986 Thread 0x0000021545030ef0 nmethod 5544 0x0000021556cfc288 code [0x0000021556cfc3e0, 0x0000021556cfc998]
Event: 17.986 Thread 0x0000021545030ef0 5545   !   3       org.eclipse.aether.internal.impl.DefaultRepositoryEventDispatcher::dispatch (331 bytes)
Event: 17.986 Thread 0x000002156d346140 5546       4       java.util.LinkedHashMap::entrySet (5 bytes)
Event: 17.987 Thread 0x0000021545030ef0 nmethod 5545 0x0000021556cfca08 code [0x0000021556cfcdc0, 0x0000021556cff520]
Event: 17.987 Thread 0x0000021545030ef0 5547       3       java.util.concurrent.ConcurrentHashMap$CollectionView::size (8 bytes)
Event: 17.987 Thread 0x0000021545030ef0 nmethod 5547 0x0000021556cff608 code [0x0000021556cff720, 0x0000021556cff880]
Event: 17.987 Thread 0x0000021545030ef0 5548       3       org.apache.maven.model.path.DefaultUrlNormalizer::normalize (122 bytes)
Event: 17.988 Thread 0x0000021545030ef0 nmethod 5548 0x0000021556cff908 code [0x0000021556cffc00, 0x0000021556d01af8]
Event: 17.989 Thread 0x0000021545030ef0 5549       3       org.apache.maven.model.validation.DefaultModelValidator::getSeverity (11 bytes)

GC Heap History (8 events):
Event: 1.932 GC heap before
{Heap before GC invocations=0 (full 0):
 garbage-first heap   total reserved 4141056K, committed 262144K, used 50292K [0x0000000703400000, 0x0000000800000000)
  region size 2048K, 24 young (49152K), 0 survivors (0K)
 Metaspace       used 8058K, committed 8320K, reserved 1114112K
  class space    used 718K, committed 832K, reserved 1048576K
}
Event: 1.937 GC heap after
{Heap after GC invocations=1 (full 0):
 garbage-first heap   total reserved 4141056K, committed 262144K, used 5201K [0x0000000703400000, 0x0000000800000000)
  region size 2048K, 2 young (4096K), 2 survivors (4096K)
 Metaspace       used 8058K, committed 8320K, reserved 1114112K
  class space    used 718K, committed 832K, reserved 1048576K
}
Event: 5.173 GC heap before
{Heap before GC invocations=1 (full 0):
 garbage-first heap   total reserved 4141056K, committed 262144K, used 56401K [0x0000000703400000, 0x0000000800000000)
  region size 2048K, 28 young (57344K), 2 survivors (4096K)
 Metaspace       used 21311K, committed 21504K, reserved 1114112K
  class space    used 2134K, committed 2240K, reserved 1048576K
}
Event: 5.185 GC heap after
{Heap after GC invocations=2 (full 0):
 garbage-first heap   total reserved 4141056K, committed 262144K, used 11834K [0x0000000703400000, 0x0000000800000000)
  region size 2048K, 6 young (12288K), 6 survivors (12288K)
 Metaspace       used 21311K, committed 21504K, reserved 1114112K
  class space    used 2134K, committed 2240K, reserved 1048576K
}
Event: 12.350 GC heap before
{Heap before GC invocations=3 (full 0):
 garbage-first heap   total reserved 4141056K, committed 49152K, used 46650K [0x0000000703400000, 0x0000000800000000)
  region size 2048K, 23 young (47104K), 6 survivors (12288K)
 Metaspace       used 22888K, committed 23168K, reserved 1114112K
  class space    used 2261K, committed 2368K, reserved 1048576K
}
Event: 12.365 GC heap after
{Heap after GC invocations=4 (full 0):
 garbage-first heap   total reserved 4141056K, committed 63488K, used 14665K [0x0000000703400000, 0x0000000800000000)
  region size 2048K, 5 young (10240K), 5 survivors (10240K)
 Metaspace       used 22888K, committed 23168K, reserved 1114112K
  class space    used 2261K, committed 2368K, reserved 1048576K
}
Event: 15.780 GC heap before
{Heap before GC invocations=4 (full 0):
 garbage-first heap   total reserved 4141056K, committed 63488K, used 41289K [0x0000000703400000, 0x0000000800000000)
  region size 2048K, 18 young (36864K), 5 survivors (10240K)
 Metaspace       used 23531K, committed 23872K, reserved 1114112K
  class space    used 2309K, committed 2432K, reserved 1048576K
}
Event: 15.794 GC heap after
{Heap after GC invocations=5 (full 0):
 garbage-first heap   total reserved 4141056K, committed 63488K, used 16542K [0x0000000703400000, 0x0000000800000000)
  region size 2048K, 3 young (6144K), 3 survivors (6144K)
 Metaspace       used 23531K, committed 23872K, reserved 1114112K
  class space    used 2309K, committed 2432K, reserved 1048576K
}

Dll operation events (10 events):
Event: 0.018 Loaded shared library C:\Program Files\Java\jdk-24\bin\java.dll
Event: 0.052 Loaded shared library C:\Program Files\Java\jdk-24\bin\jsvml.dll
Event: 0.069 Loaded shared library C:\Program Files\Java\jdk-24\bin\net.dll
Event: 0.072 Loaded shared library C:\Program Files\Java\jdk-24\bin\nio.dll
Event: 0.078 Loaded shared library C:\Program Files\Java\jdk-24\bin\zip.dll
Event: 0.370 Loaded shared library C:\Program Files\Java\jdk-24\bin\jimage.dll
Event: 0.376 Loaded shared library C:\Users\rauda\.m2\wrapper\dists\apache-maven-3.9.16\0daed3be3ebd1c706f0e69e8b07c6b73f5cc4ea3dfce72a8d0ec2e849ca2ddb0\lib\jansi-native\Windows\x86_64\jansi.dll
Event: 0.404 Loaded shared library C:\Program Files\Java\jdk-24\bin\verify.dll
Event: 4.306 Loaded shared library C:\Program Files\Java\jdk-24\bin\extnet.dll
Event: 4.473 Loaded shared library C:\Program Files\Java\jdk-24\bin\sunmscapi.dll

Deoptimization events (20 events):
Event: 16.798 Thread 0x000002154b697f00 DEOPT PACKING pc=0x000002155e0424c4 sp=0x000000652c8fd870
Event: 16.798 Thread 0x000002154b697f00 DEOPT UNPACKING pc=0x000002155d9b6382 sp=0x000000652c8fd850 mode 2
Event: 16.867 Thread 0x000002154b697f00 DEOPT PACKING pc=0x00000215568c7da7 sp=0x000000652c8fd660
Event: 16.867 Thread 0x000002154b697f00 DEOPT UNPACKING pc=0x000002155d8f5722 sp=0x000000652c8fca80 mode 0
Event: 16.938 Thread 0x000002154b697f00 Uncommon trap: trap_request=0xffffff4d fr.pc=0x000002155dfcacdc relative=0x000000000000011c
Event: 16.938 Thread 0x000002154b697f00 Uncommon trap: reason=unstable_if action=reinterpret pc=0x000002155dfcacdc method=java.util.HashMap.getNode(Ljava/lang/Object;)Ljava/util/HashMap$Node; @ 66 c2
Event: 16.938 Thread 0x000002154b697f00 DEOPT PACKING pc=0x000002155dfcacdc sp=0x000000652c8fde00
Event: 16.938 Thread 0x000002154b697f00 DEOPT UNPACKING pc=0x000002155d9b6382 sp=0x000000652c8fdd18 mode 2
Event: 16.938 Thread 0x000002154b697f00 Uncommon trap: trap_request=0xffffff4d fr.pc=0x000002155dfb417c relative=0x00000000000005dc
Event: 16.938 Thread 0x000002154b697f00 Uncommon trap: reason=unstable_if action=reinterpret pc=0x000002155dfb417c method=java.util.HashMap.putVal(ILjava/lang/Object;Ljava/lang/Object;ZZ)Ljava/lang/Object; @ 94 c2
Event: 16.938 Thread 0x000002154b697f00 DEOPT PACKING pc=0x000002155dfb417c sp=0x000000652c8fddd0
Event: 16.938 Thread 0x000002154b697f00 DEOPT UNPACKING pc=0x000002155d9b6382 sp=0x000000652c8fdcf0 mode 2
Event: 16.938 Thread 0x000002154b697f00 Uncommon trap: trap_request=0xffffff4d fr.pc=0x000002155df264fc relative=0x00000000000001bc
Event: 16.938 Thread 0x000002154b697f00 Uncommon trap: reason=unstable_if action=reinterpret pc=0x000002155df264fc method=java.util.HashMap.getNode(Ljava/lang/Object;)Ljava/util/HashMap$Node; @ 131 c2
Event: 16.938 Thread 0x000002154b697f00 DEOPT PACKING pc=0x000002155df264fc sp=0x000000652c8fdda0
Event: 16.938 Thread 0x000002154b697f00 DEOPT UNPACKING pc=0x000002155d9b6382 sp=0x000000652c8fdd20 mode 2
Event: 16.938 Thread 0x000002154b697f00 Uncommon trap: trap_request=0xffffff4d fr.pc=0x000002155dfaa5d4 relative=0x00000000000005b4
Event: 16.938 Thread 0x000002154b697f00 Uncommon trap: reason=unstable_if action=reinterpret pc=0x000002155dfaa5d4 method=java.util.HashMap.putVal(ILjava/lang/Object;Ljava/lang/Object;ZZ)Ljava/lang/Object; @ 94 c2
Event: 16.938 Thread 0x000002154b697f00 DEOPT PACKING pc=0x000002155dfaa5d4 sp=0x000000652c8fdd40
Event: 16.938 Thread 0x000002154b697f00 DEOPT UNPACKING pc=0x000002155d9b6382 sp=0x000000652c8fdce8 mode 2

Classes loaded (20 events):
Event: 5.621 Loading class sun/util/resources/LocaleData$LocaleDataResourceBundleProvider done
Event: 5.621 Loading class sun/util/resources/LocaleData$CommonResourceBundleProvider done
Event: 5.673 Loading class java/util/stream/IntStream
Event: 5.674 Loading class java/util/stream/IntStream done
Event: 5.674 Loading class java/util/Spliterators$EmptySpliterator$OfInt
Event: 5.674 Loading class java/util/Spliterator$OfInt
Event: 5.674 Loading class java/util/Spliterator$OfPrimitive
Event: 5.674 Loading class java/util/Spliterator$OfPrimitive done
Event: 5.674 Loading class java/util/Spliterator$OfInt done
Event: 5.674 Loading class java/util/Spliterators$EmptySpliterator$OfInt done
Event: 5.674 Loading class java/util/stream/IntPipeline$Head
Event: 5.674 Loading class java/util/stream/IntPipeline
Event: 5.675 Loading class java/util/stream/IntPipeline done
Event: 5.675 Loading class java/util/stream/IntPipeline$Head done
Event: 5.699 Loading class sun/invoke/util/ValueConversions$1
Event: 5.699 Loading class sun/invoke/util/ValueConversions$1 done
Event: 5.700 Loading class java/lang/invoke/BoundMethodHandle$Species_LI
Event: 5.700 Loading class java/lang/invoke/BoundMethodHandle$Species_LI done
Event: 6.612 Loading class java/util/stream/Streams$RangeIntSpliterator
Event: 6.616 Loading class java/util/stream/Streams$RangeIntSpliterator done

Classes unloaded (0 events):
No events

Classes redefined (0 events):
No events

Internal exceptions (20 events):
Event: 17.800 Thread 0x000002154b697f00 Exception <a 'sun/nio/fs/WindowsException'{0x000000070f1d6380}> (0x000000070f1d6380) 
thrown [s\open\src\hotspot\share\prims\jni.cpp, line 518]
Event: 17.801 Thread 0x000002154b697f00 Exception <a 'sun/nio/fs/WindowsException'{0x000000070f1d6d30}> (0x000000070f1d6d30) 
thrown [s\open\src\hotspot\share\prims\jni.cpp, line 518]
Event: 17.868 Thread 0x000002154b697f00 Exception <a 'sun/nio/fs/WindowsException'{0x000000070f1defb0}> (0x000000070f1defb0) 
thrown [s\open\src\hotspot\share\prims\jni.cpp, line 518]
Event: 17.873 Thread 0x000002154b697f00 Exception <a 'sun/nio/fs/WindowsException'{0x000000070f1f5358}> (0x000000070f1f5358) 
thrown [s\open\src\hotspot\share\prims\jni.cpp, line 518]
Event: 17.879 Thread 0x000002154b697f00 Exception <a 'sun/nio/fs/WindowsException'{0x000000070ee094f0}> (0x000000070ee094f0) 
thrown [s\open\src\hotspot\share\prims\jni.cpp, line 518]
Event: 17.881 Thread 0x000002154b697f00 Exception <a 'sun/nio/fs/WindowsException'{0x000000070ee0b430}> (0x000000070ee0b430) 
thrown [s\open\src\hotspot\share\prims\jni.cpp, line 518]
Event: 17.883 Thread 0x000002154b697f00 Exception <a 'sun/nio/fs/WindowsException'{0x000000070ee14170}> (0x000000070ee14170) 
thrown [s\open\src\hotspot\share\prims\jni.cpp, line 518]
Event: 17.884 Thread 0x000002154b697f00 Exception <a 'sun/nio/fs/WindowsException'{0x000000070ee16170}> (0x000000070ee16170) 
thrown [s\open\src\hotspot\share\prims\jni.cpp, line 518]
Event: 17.892 Thread 0x000002154b697f00 Exception <a 'sun/nio/fs/WindowsException'{0x000000070ee52710}> (0x000000070ee52710) 
thrown [s\open\src\hotspot\share\prims\jni.cpp, line 518]
Event: 17.892 Thread 0x000002154b697f00 Exception <a 'sun/nio/fs/WindowsException'{0x000000070ee52ae0}> (0x000000070ee52ae0) 
thrown [s\open\src\hotspot\share\prims\jni.cpp, line 518]
Event: 17.894 Thread 0x000002154b697f00 Exception <a 'sun/nio/fs/WindowsException'{0x000000070ee5dd00}> (0x000000070ee5dd00) 
thrown [s\open\src\hotspot\share\prims\jni.cpp, line 518]
Event: 17.894 Thread 0x000002154b697f00 Exception <a 'sun/nio/fs/WindowsException'{0x000000070ee5e6a0}> (0x000000070ee5e6a0) 
thrown [s\open\src\hotspot\share\prims\jni.cpp, line 518]
Event: 17.959 Thread 0x000002154b697f00 Exception <a 'sun/nio/fs/WindowsException'{0x000000070ee66828}> (0x000000070ee66828) 
thrown [s\open\src\hotspot\share\prims\jni.cpp, line 518]
Event: 17.966 Thread 0x000002154b697f00 Exception <a 'sun/nio/fs/WindowsException'{0x000000070ee7ca08}> (0x000000070ee7ca08) 
thrown [s\open\src\hotspot\share\prims\jni.cpp, line 518]
Event: 17.972 Thread 0x000002154b697f00 Exception <a 'sun/nio/fs/WindowsException'{0x000000070ee8f690}> (0x000000070ee8f690) 
thrown [s\open\src\hotspot\share\prims\jni.cpp, line 518]
Event: 17.973 Thread 0x000002154b697f00 Exception <a 'sun/nio/fs/WindowsException'{0x000000070ee91568}> (0x000000070ee91568) 
thrown [s\open\src\hotspot\share\prims\jni.cpp, line 518]
Event: 17.976 Thread 0x000002154b697f00 Exception <a 'sun/nio/fs/WindowsException'{0x000000070ee9a3e8}> (0x000000070ee9a3e8) 
thrown [s\open\src\hotspot\share\prims\jni.cpp, line 518]
Event: 17.978 Thread 0x000002154b697f00 Exception <a 'sun/nio/fs/WindowsException'{0x000000070ee9c358}> (0x000000070ee9c358) 
thrown [s\open\src\hotspot\share\prims\jni.cpp, line 518]
Event: 17.988 Thread 0x000002154b697f00 Exception <a 'sun/nio/fs/WindowsException'{0x000000070eed7e98}> (0x000000070eed7e98) 
thrown [s\open\src\hotspot\share\prims\jni.cpp, line 518]
Event: 17.988 Thread 0x000002154b697f00 Exception <a 'sun/nio/fs/WindowsException'{0x000000070eed82e8}> (0x000000070eed82e8) 
thrown [s\open\src\hotspot\share\prims\jni.cpp, line 518]

VM Operations (20 events):
Event: 3.842 Executing VM operation: HandshakeAllThreads (Deoptimize)
Event: 3.843 Executing VM operation: HandshakeAllThreads (Deoptimize) done
Event: 4.175 Executing VM operation: HandshakeAllThreads (Deoptimize)
Event: 4.175 Executing VM operation: HandshakeAllThreads (Deoptimize) done
Event: 4.176 Executing VM operation: HandshakeAllThreads (Deoptimize)
Event: 4.176 Executing VM operation: HandshakeAllThreads (Deoptimize) done
Event: 4.237 Executing VM operation: HandshakeAllThreads (Deoptimize)
Event: 4.237 Executing VM operation: HandshakeAllThreads (Deoptimize) done
Event: 4.590 Executing VM operation: HandshakeAllThreads (Deoptimize)
Event: 4.590 Executing VM operation: HandshakeAllThreads (Deoptimize) done
Event: 5.173 Executing VM operation: CollectForMetadataAllocation (Metadata GC Threshold)
Event: 5.185 Executing VM operation: CollectForMetadataAllocation (Metadata GC Threshold) done
Event: 5.192 Executing VM operation: G1PauseRemark
Event: 5.195 Executing VM operation: G1PauseRemark done
Event: 5.196 Executing VM operation: G1PauseCleanup
Event: 5.196 Executing VM operation: G1PauseCleanup done
Event: 12.350 Executing VM operation: G1CollectForAllocation (G1 Evacuation Pause)
Event: 12.365 Executing VM operation: G1CollectForAllocation (G1 Evacuation Pause) done
Event: 15.780 Executing VM operation: G1CollectForAllocation (G1 Evacuation Pause)
Event: 15.794 Executing VM operation: G1CollectForAllocation (G1 Evacuation Pause) done

Memory protections (0 events):
No events

Nmethod flushes (0 events):
No events

Events (20 events):
Event: 0.050 Thread 0x000002154b697f00 Thread added: 0x000002156d346140
Event: 0.050 Thread 0x000002154b697f00 Thread added: 0x0000021545030ef0
Event: 0.061 Thread 0x000002154b697f00 Thread added: 0x000002156d344860
Event: 0.065 Thread 0x000002154b697f00 Thread added: 0x000002156d3439c0
Event: 0.367 Thread 0x000002154b697f00 Thread added: 0x000002156d342b20
Event: 0.876 Thread 0x000002156d342b20 Thread exited: 0x000002156d342b20
Event: 1.183 Thread 0x0000021545030ef0 Thread added: 0x0000021545e38390
Event: 1.223 Thread 0x000002156d346140 Thread added: 0x0000021545e59430
Event: 2.365 Thread 0x0000021545e59430 Thread exited: 0x0000021545e59430
Event: 3.429 Thread 0x0000021545e38390 Thread exited: 0x0000021545e38390
Event: 3.927 Thread 0x0000021545030ef0 Thread added: 0x0000021546548800
Event: 3.934 Thread 0x0000021546548800 Thread added: 0x0000021546565530
Event: 4.099 Thread 0x0000021546565530 Thread exited: 0x0000021546565530
Event: 4.797 Thread 0x0000021545030ef0 Thread added: 0x000002154680a380
Event: 5.861 Thread 0x000002154680a380 Thread exited: 0x000002154680a380
Event: 5.962 Thread 0x0000021546548800 Thread exited: 0x0000021546548800
Event: 13.574 Thread 0x0000021545030ef0 Thread added: 0x000002154538c3c0
Event: 13.690 Thread 0x000002154538c3c0 Thread exited: 0x000002154538c3c0
Event: 15.771 Thread 0x0000021545030ef0 Thread added: 0x00000215458ed160
Event: 15.982 Thread 0x00000215458ed160 Thread exited: 0x00000215458ed160


Dynamic libraries:
0x00007ff6dea60000 - 0x00007ff6dea70000 	C:\Program Files\Java\jdk-24\bin\java.exe
0x00007ff9d07c0000 - 0x00007ff9d0a26000 	C:\WINDOWS\SYSTEM32\ntdll.dll
0x00007ff9cfbe0000 - 0x00007ff9cfca9000 	C:\WINDOWS\System32\KERNEL32.DLL
0x00007ff9cdbd0000 - 0x00007ff9cdfca000 	C:\WINDOWS\System32\KERNELBASE.dll
0x00007ff9ce200000 - 0x00007ff9ce34c000 	C:\WINDOWS\System32\ucrtbase.dll
0x00007ff9a08f0000 - 0x00007ff9a090b000 	C:\Program Files\Java\jdk-24\bin\VCRUNTIME140.dll
0x00007ff9a75f0000 - 0x00007ff9a7606000 	C:\Program Files\Java\jdk-24\bin\jli.dll
0x00007ff9cfed0000 - 0x00007ff9d0097000 	C:\WINDOWS\System32\USER32.dll
0x00007ff9cdba0000 - 0x00007ff9cdbc7000 	C:\WINDOWS\System32\win32u.dll
0x00007ff9b5f20000 - 0x00007ff9b61b2000 	C:\WINDOWS\WinSxS\amd64_microsoft.windows.common-controls_6595b64144ccf1df_6.0.26100.8521_none_3e08b75ce33403b3\COMCTL32.dll
0x00007ff9ceac0000 - 0x00007ff9ceb69000 	C:\WINDOWS\System32\msvcrt.dll
0x00007ff9cfcb0000 - 0x00007ff9cfcdb000 	C:\WINDOWS\System32\GDI32.dll
0x00007ff9ce400000 - 0x00007ff9ce52b000 	C:\WINDOWS\System32\gdi32full.dll
0x00007ff9ce150000 - 0x00007ff9ce1f3000 	C:\WINDOWS\System32\msvcp_win.dll
0x00007ff9cf250000 - 0x00007ff9cf282000 	C:\WINDOWS\System32\IMM32.DLL
0x00007ff9bcd90000 - 0x00007ff9bcd9c000 	C:\Program Files\Java\jdk-24\bin\vcruntime140_1.dll
0x00007ff927210000 - 0x00007ff92729e000 	C:\Program Files\Java\jdk-24\bin\msvcp140.dll
0x00007ff90c450000 - 0x00007ff90d1f2000 	C:\Program Files\Java\jdk-24\bin\server\jvm.dll
0x00007ff9ce980000 - 0x00007ff9cea36000 	C:\WINDOWS\System32\ADVAPI32.dll
0x00007ff9ce8c0000 - 0x00007ff9ce96a000 	C:\WINDOWS\System32\sechost.dll
0x00007ff9d0310000 - 0x00007ff9d0428000 	C:\WINDOWS\System32\RPCRT4.dll
0x00007ff9d06f0000 - 0x00007ff9d0770000 	C:\WINDOWS\System32\WS2_32.dll
0x00007ff9cd8b0000 - 0x00007ff9cd90e000 	C:\WINDOWS\SYSTEM32\POWRPROF.dll
0x00007ff9c6bf0000 - 0x00007ff9c6bfb000 	C:\WINDOWS\SYSTEM32\VERSION.dll
0x00007ff9c1f80000 - 0x00007ff9c1fb6000 	C:\WINDOWS\SYSTEM32\WINMM.dll
0x00007ff9cd890000 - 0x00007ff9cd8a4000 	C:\WINDOWS\SYSTEM32\UMPDC.dll
0x00007ff9cc7a0000 - 0x00007ff9cc7bb000 	C:\WINDOWS\SYSTEM32\kernel.appcore.dll
0x00007ff9bb220000 - 0x00007ff9bb22a000 	C:\Program Files\Java\jdk-24\bin\jimage.dll
0x00007ff9c6c20000 - 0x00007ff9c6e62000 	C:\WINDOWS\SYSTEM32\DBGHELP.DLL
0x00007ff9ce530000 - 0x00007ff9ce8b3000 	C:\WINDOWS\System32\combase.dll
0x00007ff9d0610000 - 0x00007ff9d06e9000 	C:\WINDOWS\System32\OLEAUT32.dll
0x00007ff9bd630000 - 0x00007ff9bd66b000 	C:\WINDOWS\SYSTEM32\dbgcore.DLL
0x00007ff9ce350000 - 0x00007ff9ce3f8000 	C:\WINDOWS\System32\bcryptPrimitives.dll
0x00007ff9a7580000 - 0x00007ff9a759e000 	C:\Program Files\Java\jdk-24\bin\java.dll
0x00007ff9ceb70000 - 0x00007ff9ced08000 	C:\WINDOWS\System32\ole32.dll
0x00007ff9cf3e0000 - 0x00007ff9cfb64000 	C:\WINDOWS\System32\SHELL32.dll
0x00007ff9cb5f0000 - 0x00007ff9cbe70000 	C:\WINDOWS\SYSTEM32\windows.storage.dll
0x00007ff9cfd50000 - 0x00007ff9cfe46000 	C:\WINDOWS\System32\SHCORE.dll
0x00007ff9cfb70000 - 0x00007ff9cfbd7000 	C:\WINDOWS\System32\shlwapi.dll
0x00007ff9cd970000 - 0x00007ff9cd999000 	C:\WINDOWS\SYSTEM32\profapi.dll
0x00007ff967ea0000 - 0x00007ff967f77000 	C:\Program Files\Java\jdk-24\bin\jsvml.dll
0x00007ff9a8380000 - 0x00007ff9a8390000 	C:\Program Files\Java\jdk-24\bin\net.dll
0x00007ff9cccf0000 - 0x00007ff9ccd5c000 	C:\WINDOWS\system32\mswsock.dll
0x00007ff9a7460000 - 0x00007ff9a7476000 	C:\Program Files\Java\jdk-24\bin\nio.dll
0x00007ff9a7560000 - 0x00007ff9a7577000 	C:\Program Files\Java\jdk-24\bin\zip.dll
0x00007ff9a74f0000 - 0x00007ff9a7514000 	C:\Users\rauda\.m2\wrapper\dists\apache-maven-3.9.16\0daed3be3ebd1c706f0e69e8b07c6b73f5cc4ea3dfce72a8d0ec2e849ca2ddb0\lib\jansi-native\Windows\x86_64\jansi.dll
0x00007ff9a74e0000 - 0x00007ff9a74f0000 	C:\Program Files\Java\jdk-24\bin\verify.dll
0x00007ff9cd0f0000 - 0x00007ff9cd10b000 	C:\WINDOWS\SYSTEM32\CRYPTSP.dll
0x00007ff9cc700000 - 0x00007ff9cc739000 	C:\WINDOWS\system32\rsaenh.dll
0x00007ff9ccda0000 - 0x00007ff9ccdd3000 	C:\WINDOWS\SYSTEM32\USERENV.dll
0x00007ff9cd940000 - 0x00007ff9cd96a000 	C:\WINDOWS\SYSTEM32\bcrypt.dll
0x00007ff9ccf50000 - 0x00007ff9ccf5c000 	C:\WINDOWS\SYSTEM32\CRYPTBASE.dll
0x00007ff9cc180000 - 0x00007ff9cc1b3000 	C:\WINDOWS\SYSTEM32\IPHLPAPI.DLL
0x00007ff9d0300000 - 0x00007ff9d030a000 	C:\WINDOWS\System32\NSI.dll
0x00007ff9cc1c0000 - 0x00007ff9cc30a000 	C:\WINDOWS\SYSTEM32\DNSAPI.dll
0x00007ff9ccb10000 - 0x00007ff9ccb1d000 	C:\WINDOWS\SYSTEM32\DSPARSE.dll
0x00007ff9c64a0000 - 0x00007ff9c64ab000 	C:\Windows\System32\rasadhlp.dll
0x00007ff9c5dc0000 - 0x00007ff9c5e46000 	C:\WINDOWS\System32\fwpuclnt.dll
0x00007ff9a35f0000 - 0x00007ff9a35f9000 	C:\Program Files\Java\jdk-24\bin\extnet.dll
0x00007ff9aac60000 - 0x00007ff9aac6e000 	C:\Program Files\Java\jdk-24\bin\sunmscapi.dll
0x00007ff9cdfd0000 - 0x00007ff9ce148000 	C:\WINDOWS\System32\CRYPT32.dll
0x00007ff9cd250000 - 0x00007ff9cd280000 	C:\WINDOWS\SYSTEM32\ncrypt.dll
0x00007ff9cd200000 - 0x00007ff9cd23f000 	C:\WINDOWS\SYSTEM32\NTASN1.dll

JVMTI agents: none

dbghelp: loaded successfully - version: 4.0.5 - missing functions: none
symbol engine: initialized successfully - sym options: 0x614 - pdb path: .;C:\Program Files\Java\jdk-24\bin;C:\WINDOWS\SYSTEM32;C:\WINDOWS\WinSxS\amd64_microsoft.windows.common-controls_6595b64144ccf1df_6.0.26100.8521_none_3e08b75ce33403b3;C:\Program Files\Java\jdk-24\bin\server;C:\Users\rauda\.m2\wrapper\dists\apache-maven-3.9.16\0daed3be3ebd1c706f0e69e8b07c6b73f5cc4ea3dfce72a8d0ec2e849ca2ddb0\lib\jansi-native\Windows\x86_64

VM Arguments:
jvm_args: --enable-native-access=ALL-UNNAMED -Dclassworlds.conf=C:\Users\rauda\.m2\wrapper\dists\apache-maven-3.9.16\0daed3be3ebd1c706f0e69e8b07c6b73f5cc4ea3dfce72a8d0ec2e849ca2ddb0\bin\m2.conf -Dmaven.home=C:\Users\rauda\.m2\wrapper\dists\apache-maven-3.9.16\0daed3be3ebd1c706f0e69e8b07c6b73f5cc4ea3dfce72a8d0ec2e849ca2ddb0 -Dlibrary.jansi.path=C:\Users\rauda\.m2\wrapper\dists\apache-maven-3.9.16\0daed3be3ebd1c706f0e69e8b07c6b73f5cc4ea3dfce72a8d0ec2e849ca2ddb0\lib\jansi-native -Dmaven.multiModuleProjectDirectory=C:\Users\rauda\Documents\RHU-Lab1\Proyecto-Fase2\Proyecto\api-platform 
java_command: org.codehaus.plexus.classworlds.launcher.Launcher -DskipTests=true -Dmaven.ext.class.path=C:\Users\rauda\.vscode\extensions\oracle.oracle-java-26.0.0\nbcode\java\maven-nblib\netbeans-eventspy.jar --no-transfer-progress --fail-at-end install
java_class_path (initial): C:\Users\rauda\.m2\wrapper\dists\apache-maven-3.9.16\0daed3be3ebd1c706f0e69e8b07c6b73f5cc4ea3dfce72a8d0ec2e849ca2ddb0\boot\plexus-classworlds-2.11.0.jar
Launcher Type: SUN_STANDARD

[Global flags]
     intx CICompilerCount                          = 4                                         {product} {ergonomic}
     uint ConcGCThreads                            = 3                                         {product} {ergonomic}
     uint G1ConcRefinementThreads                  = 10                                        {product} {ergonomic}
   size_t G1HeapRegionSize                         = 2097152                                   {product} {ergonomic}
   size_t InitialHeapSize                          = 266338304                                 {product} {ergonomic}
   size_t MarkStackSize                            = 4194304                                   {product} {ergonomic}
   size_t MarkStackSizeMax                         = 536870912                                 {product} {ergonomic}
   size_t MaxHeapSize                              = 4240441344                                {product} {ergonomic}
   size_t MaxNewSize                               = 2543845376                                {product} {ergonomic}
   size_t MinHeapDeltaBytes                        = 2097152                                   {product} {ergonomic}
   size_t MinHeapSize                              = 8388608                                   {product} {ergonomic}
    uintx NonNMethodCodeHeapSize                   = 5832704                                {pd product} {ergonomic}
    uintx NonProfiledCodeHeapSize                  = 122945536                              {pd product} {ergonomic}
    uintx ProfiledCodeHeapSize                     = 122880000                              {pd product} {ergonomic}
    uintx ReservedCodeCacheSize                    = 251658240                              {pd product} {ergonomic}
     bool SegmentedCodeCache                       = true                                      {product} {ergonomic}
   size_t SoftMaxHeapSize                          = 4240441344                             {manageable} {ergonomic}
     bool UseCompressedOops                        = true                           {product lp64_product} {ergonomic}
     bool UseG1GC                                  = true                                      {product} {ergonomic}
     bool UseLargePagesIndividualAllocation        = false                                  {pd product} {ergonomic}

Logging:
Log output configuration:
 #0: stdout all=warning uptime,level,tags foldmultilines=false
 #1: stderr all=off uptime,level,tags foldmultilines=false

Environment Variables:
JAVA_HOME=C:\Program Files\Java\jdk-24
PATH=C:\Program Files\Alacritty\;C:\Oracle21c\dbhomeXE\bin;E:\Oracle21c\dbhomeXE\bin;C:\Program Files\Microsoft SDKs\Azure\CLI2\wbin;C:\Program Files\Common Files\Oracle\Java\javapath;C:\Program Files (x86)\Common Files\Oracle\Java\java8path;C:\Program Files (x86)\Common Files\Oracle\Java\javapath;C:\WINDOWS\system32;C:\WINDOWS;C:\WINDOWS\System32\Wbem;C:\WINDOWS\System32\WindowsPowerShell\v1.0\;C:\WINDOWS\System32\OpenSSH\;C:\Program Files\Docker\Docker\resources\bin;C:\Program Files\Git\cmd;C:\Program Files\dotnet\;C:\Program Files\Kubernetes\Minikube;C:\Program Files\nodejs\;C:\Users\rauda\AppData\Local\Microsoft\WindowsApps;C:\Users\rauda\AppData\Local\Programs\Microsoft VS Code\bin;C:\Users\rauda\AppData\Local\Python\bin;C:\Users\rauda\AppData\Local\PowerToys\DSCModules\;C:\Users\rauda\AppData\Roaming\npm
USERNAME=rauda
OS=Windows_NT
PROCESSOR_IDENTIFIER=AMD64 Family 23 Model 96 Stepping 1, AuthenticAMD
TMP=C:\Users\rauda\AppData\Local\Temp
TEMP=C:\Users\rauda\AppData\Local\Temp




Periodic native trim disabled

---------------  S Y S T E M  ---------------

OS:
 Windows 11 , 64 bit Build 26100 (10.0.26100.8521)
OS uptime: 0 days 4:49 hours
Hyper-V role detected

CPU: total 12 (initial active 12) (12 cores per cpu, 2 threads per core) family 23 model 96 stepping 1 microcode 0x8600106, cx8, cmov, fxsr, ht, mmx, 3dnowpref, sse, sse2, sse3, ssse3, sse4a, sse4.1, sse4.2, popcnt, lzcnt, tsc, tscinvbit, avx, avx2, aes, clmul, bmi1, bmi2, adx, sha, fma, vzeroupper, clflush, clflushopt, hv, rdtscp, rdpid, f16c
Processor Information for the first 12 processors :
  Max Mhz: 3701, Current Mhz: 3701, Mhz Limit: 3701

Memory: 4k page, system-wide physical 16172M (1627M free)
TotalPageFile size 33776M (AvailPageFile size 5M)
current process WorkingSet (physical memory assigned to process): 164M, peak: 172M
current process commit charge ("private bytes"): 203M, peak: 399M

vm_info: Java HotSpot(TM) 64-Bit Server VM (24.0.1+9-30) for windows-amd64 JRE (24.0.1+9-30), built on 2025-03-05T07:23:45Z with MS VC++ 17.6 (VS2022)

END.
